<?xml version="1.0" encoding="UTF-8"?>
<!-- Generated by org.testng.reporters.JUnitReportReporter -->
<testsuite hostname="Michaels-MacBook-Pro.local" failures="0" tests="597" name="MichaelSeleniumAutomation.ExtractDataFromExcel.dataProviderTest" time="0.242" errors="0" timestamp="2024-12-07T18:55:39 SAST" skipped="0">
  <testcase classname="MichaelSeleniumAutomation.ExtractDataFromExcel.dataProviderTest" name="getDataFromArray" time="0.001"/>
  <system-out/>
  <testcase classname="MichaelSeleniumAutomation.ExtractDataFromExcel.dataProviderTest" name="getDataFromArray" time="0.000"/>
  <system-out/>
  <testcase classname="MichaelSeleniumAutomation.ExtractDataFromExcel.dataProviderTest" name="getDataFromArray" time="0.000"/>
  <system-out/>
  <testcase classname="MichaelSeleniumAutomation.ExtractDataFromExcel.dataProviderTest" name="getDataFromArray" time="0.000"/>
  <system-out/>
  <testcase classname="MichaelSeleniumAutomation.ExtractDataFromExcel.dataProviderTest" name="getDataFromArray" time="0.000"/>
  <system-out/>
  <testcase classname="MichaelSeleniumAutomation.ExtractDataFromExcel.dataProviderTest" name="getDataFromArray" time="0.000"/>
  <system-out/>
  <testcase classname="MichaelSeleniumAutomation.ExtractDataFromExcel.dataProviderTest" name="getDataFromArray" time="0.000"/>
  <system-out/>
  <testcase classname="MichaelSeleniumAutomation.ExtractDataFromExcel.dataProviderTest" name="getDataFromArray" time="0.001"/>
  <system-out/>
  <testcase classname="MichaelSeleniumAutomation.ExtractDataFromExcel.dataProviderTest" name="getDataFromArray" time="0.001"/>
  <system-out/>
  <testcase classname="MichaelSeleniumAutomation.ExtractDataFromExcel.dataProviderTest" name="getDataFromArray" time="0.001"/>
  <system-out/>
  <testcase classname="MichaelSeleniumAutomation.ExtractDataFromExcel.dataProviderTest" name="getDataFromArray" time="0.001"/>
  <system-out/>
  <testcase classname="MichaelSeleniumAutomation.ExtractDataFromExcel.dataProviderTest" name="getDataFromArray" time="0.000"/>
  <system-out/>
  <testcase classname="MichaelSeleniumAutomation.ExtractDataFromExcel.dataProviderTest" name="getDataFromArray" time="0.001"/>
  <system-out/>
  <testcase classname="MichaelSeleniumAutomation.ExtractDataFromExcel.dataProviderTest" name="getDataFromArray" time="0.000"/>
  <system-out/>
  <testcase classname="MichaelSeleniumAutomation.ExtractDataFromExcel.dataProviderTest" name="getDataFromArray" time="0.001"/>
  <system-out/>
  <testcase classname="MichaelSeleniumAutomation.ExtractDataFromExcel.dataProviderTest" name="getDataFromArray" time="0.000"/>
  <system-out/>
  <testcase classname="MichaelSeleniumAutomation.ExtractDataFromExcel.dataProviderTest" name="getDataFromArray" time="0.001"/>
  <system-out/>
  <testcase classname="MichaelSeleniumAutomation.ExtractDataFromExcel.dataProviderTest" name="getDataFromArray" time="0.001"/>
  <system-out/>
  <testcase classname="MichaelSeleniumAutomation.ExtractDataFromExcel.dataProviderTest" name="getDataFromArray" time="0.001"/>
  <system-out/>
  <testcase classname="MichaelSeleniumAutomation.ExtractDataFromExcel.dataProviderTest" name="getDataFromArray" time="0.000"/>
  <system-out/>
  <testcase classname="MichaelSeleniumAutomation.ExtractDataFromExcel.dataProviderTest" name="getDataFromArray" time="0.001"/>
  <system-out/>
  <testcase classname="MichaelSeleniumAutomation.ExtractDataFromExcel.dataProviderTest" name="getDataFromArray" time="0.000"/>
  <system-out/>
  <testcase classname="MichaelSeleniumAutomation.ExtractDataFromExcel.dataProviderTest" name="getDataFromArray" time="0.001"/>
  <system-out/>
  <testcase classname="MichaelSeleniumAutomation.ExtractDataFromExcel.dataProviderTest" name="getDataFromArray" time="0.000"/>
  <system-out/>
  <testcase classname="MichaelSeleniumAutomation.ExtractDataFromExcel.dataProviderTest" name="getDataFromArray" time="0.000"/>
  <system-out/>
  <testcase classname="MichaelSeleniumAutomation.ExtractDataFromExcel.dataProviderTest" name="getDataFromArray" time="0.001"/>
  <system-out/>
  <testcase classname="MichaelSeleniumAutomation.ExtractDataFromExcel.dataProviderTest" name="getDataFromArray" time="0.000"/>
  <system-out/>
  <testcase classname="MichaelSeleniumAutomation.ExtractDataFromExcel.dataProviderTest" name="getDataFromArray" time="0.001"/>
  <system-out/>
  <testcase classname="MichaelSeleniumAutomation.ExtractDataFromExcel.dataProviderTest" name="getDataFromArray" time="0.001"/>
  <system-out/>
  <testcase classname="MichaelSeleniumAutomation.ExtractDataFromExcel.dataProviderTest" name="getDataFromArray" time="0.001"/>
  <system-out/>
  <testcase classname="MichaelSeleniumAutomation.ExtractDataFromExcel.dataProviderTest" name="getDataFromArray" time="0.001"/>
  <system-out/>
  <testcase classname="MichaelSeleniumAutomation.ExtractDataFromExcel.dataProviderTest" name="getDataFromArray" time="0.000"/>
  <system-out/>
  <testcase classname="MichaelSeleniumAutomation.ExtractDataFromExcel.dataProviderTest" name="getDataFromArray" time="0.000"/>
  <system-out/>
  <testcase classname="MichaelSeleniumAutomation.ExtractDataFromExcel.dataProviderTest" name="getDataFromArray" time="0.000"/>
  <system-out/>
  <testcase classname="MichaelSeleniumAutomation.ExtractDataFromExcel.dataProviderTest" name="getDataFromArray" time="0.000"/>
  <system-out/>
  <testcase classname="MichaelSeleniumAutomation.ExtractDataFromExcel.dataProviderTest" name="getDataFromArray" time="0.000"/>
  <system-out/>
  <testcase classname="MichaelSeleniumAutomation.ExtractDataFromExcel.dataProviderTest" name="getDataFromArray" time="0.000"/>
  <system-out/>
  <testcase classname="MichaelSeleniumAutomation.ExtractDataFromExcel.dataProviderTest" name="getDataFromArray" time="0.000"/>
  <system-out/>
  <testcase classname="MichaelSeleniumAutomation.ExtractDataFromExcel.dataProviderTest" name="getDataFromArray" time="0.001"/>
  <system-out/>
  <testcase classname="MichaelSeleniumAutomation.ExtractDataFromExcel.dataProviderTest" name="getDataFromArray" time="0.000"/>
  <system-out/>
  <testcase classname="MichaelSeleniumAutomation.ExtractDataFromExcel.dataProviderTest" name="getDataFromArray" time="0.000"/>
  <system-out/>
  <testcase classname="MichaelSeleniumAutomation.ExtractDataFromExcel.dataProviderTest" name="getDataFromArray" time="0.000"/>
  <system-out/>
  <testcase classname="MichaelSeleniumAutomation.ExtractDataFromExcel.dataProviderTest" name="getDataFromArray" time="0.001"/>
  <system-out/>
  <testcase classname="MichaelSeleniumAutomation.ExtractDataFromExcel.dataProviderTest" name="getDataFromArray" time="0.000"/>
  <system-out/>
  <testcase classname="MichaelSeleniumAutomation.ExtractDataFromExcel.dataProviderTest" name="getDataFromArray" time="0.001"/>
  <system-out/>
  <testcase classname="MichaelSeleniumAutomation.ExtractDataFromExcel.dataProviderTest" name="getDataFromArray" time="0.001"/>
  <system-out/>
  <testcase classname="MichaelSeleniumAutomation.ExtractDataFromExcel.dataProviderTest" name="getDataFromArray" time="0.001"/>
  <system-out/>
  <testcase classname="MichaelSeleniumAutomation.ExtractDataFromExcel.dataProviderTest" name="getDataFromArray" time="0.001"/>
  <system-out/>
  <testcase classname="MichaelSeleniumAutomation.ExtractDataFromExcel.dataProviderTest" name="getDataFromArray" time="0.001"/>
  <system-out/>
  <testcase classname="MichaelSeleniumAutomation.ExtractDataFromExcel.dataProviderTest" name="getDataFromArray" time="0.001"/>
  <system-out/>
  <testcase classname="MichaelSeleniumAutomation.ExtractDataFromExcel.dataProviderTest" name="getDataFromArray" time="0.000"/>
  <system-out/>
  <testcase classname="MichaelSeleniumAutomation.ExtractDataFromExcel.dataProviderTest" name="getDataFromArray" time="0.001"/>
  <system-out/>
  <testcase classname="MichaelSeleniumAutomation.ExtractDataFromExcel.dataProviderTest" name="getDataFromArray" time="0.000"/>
  <system-out/>
  <testcase classname="MichaelSeleniumAutomation.ExtractDataFromExcel.dataProviderTest" name="getDataFromArray" time="0.001"/>
  <system-out/>
  <testcase classname="MichaelSeleniumAutomation.ExtractDataFromExcel.dataProviderTest" name="getDataFromArray" time="0.001"/>
  <system-out/>
  <testcase classname="MichaelSeleniumAutomation.ExtractDataFromExcel.dataProviderTest" name="getDataFromArray" time="0.000"/>
  <system-out/>
  <testcase classname="MichaelSeleniumAutomation.ExtractDataFromExcel.dataProviderTest" name="getDataFromArray" time="0.000"/>
  <system-out/>
  <testcase classname="MichaelSeleniumAutomation.ExtractDataFromExcel.dataProviderTest" name="getDataFromArray" time="0.000"/>
  <system-out/>
  <testcase classname="MichaelSeleniumAutomation.ExtractDataFromExcel.dataProviderTest" name="getDataFromArray" time="0.000"/>
  <system-out/>
  <testcase classname="MichaelSeleniumAutomation.ExtractDataFromExcel.dataProviderTest" name="getDataFromArray" time="0.000"/>
  <system-out/>
  <testcase classname="MichaelSeleniumAutomation.ExtractDataFromExcel.dataProviderTest" name="getDataFromArray" time="0.001"/>
  <system-out/>
  <testcase classname="MichaelSeleniumAutomation.ExtractDataFromExcel.dataProviderTest" name="getDataFromArray" time="0.000"/>
  <system-out/>
  <testcase classname="MichaelSeleniumAutomation.ExtractDataFromExcel.dataProviderTest" name="getDataFromArray" time="0.000"/>
  <system-out/>
  <testcase classname="MichaelSeleniumAutomation.ExtractDataFromExcel.dataProviderTest" name="getDataFromArray" time="0.000"/>
  <system-out/>
  <testcase classname="MichaelSeleniumAutomation.ExtractDataFromExcel.dataProviderTest" name="getDataFromArray" time="0.001"/>
  <system-out/>
  <testcase classname="MichaelSeleniumAutomation.ExtractDataFromExcel.dataProviderTest" name="getDataFromArray" time="0.000"/>
  <system-out/>
  <testcase classname="MichaelSeleniumAutomation.ExtractDataFromExcel.dataProviderTest" name="getDataFromArray" time="0.000"/>
  <system-out/>
  <testcase classname="MichaelSeleniumAutomation.ExtractDataFromExcel.dataProviderTest" name="getDataFromArray" time="0.001"/>
  <system-out/>
  <testcase classname="MichaelSeleniumAutomation.ExtractDataFromExcel.dataProviderTest" name="getDataFromArray" time="0.000"/>
  <system-out/>
  <testcase classname="MichaelSeleniumAutomation.ExtractDataFromExcel.dataProviderTest" name="getDataFromArray" time="0.001"/>
  <system-out/>
  <testcase classname="MichaelSeleniumAutomation.ExtractDataFromExcel.dataProviderTest" name="getDataFromArray" time="0.001"/>
  <system-out/>
  <testcase classname="MichaelSeleniumAutomation.ExtractDataFromExcel.dataProviderTest" name="getDataFromArray" time="0.000"/>
  <system-out/>
  <testcase classname="MichaelSeleniumAutomation.ExtractDataFromExcel.dataProviderTest" name="getDataFromArray" time="0.000"/>
  <system-out/>
  <testcase classname="MichaelSeleniumAutomation.ExtractDataFromExcel.dataProviderTest" name="getDataFromArray" time="0.001"/>
  <system-out/>
  <testcase classname="MichaelSeleniumAutomation.ExtractDataFromExcel.dataProviderTest" name="getDataFromArray" time="0.001"/>
  <system-out/>
  <testcase classname="MichaelSeleniumAutomation.ExtractDataFromExcel.dataProviderTest" name="getDataFromArray" time="0.000"/>
  <system-out/>
  <testcase classname="MichaelSeleniumAutomation.ExtractDataFromExcel.dataProviderTest" name="getDataFromArray" time="0.000"/>
  <system-out/>
  <testcase classname="MichaelSeleniumAutomation.ExtractDataFromExcel.dataProviderTest" name="getDataFromArray" time="0.001"/>
  <system-out/>
  <testcase classname="MichaelSeleniumAutomation.ExtractDataFromExcel.dataProviderTest" name="getDataFromArray" time="0.001"/>
  <system-out/>
  <testcase classname="MichaelSeleniumAutomation.ExtractDataFromExcel.dataProviderTest" name="getDataFromArray" time="0.001"/>
  <system-out/>
  <testcase classname="MichaelSeleniumAutomation.ExtractDataFromExcel.dataProviderTest" name="getDataFromArray" time="0.000"/>
  <system-out/>
  <testcase classname="MichaelSeleniumAutomation.ExtractDataFromExcel.dataProviderTest" name="getDataFromArray" time="0.000"/>
  <system-out/>
  <testcase classname="MichaelSeleniumAutomation.ExtractDataFromExcel.dataProviderTest" name="getDataFromArray" time="0.001"/>
  <system-out/>
  <testcase classname="MichaelSeleniumAutomation.ExtractDataFromExcel.dataProviderTest" name="getDataFromArray" time="0.001"/>
  <system-out/>
  <testcase classname="MichaelSeleniumAutomation.ExtractDataFromExcel.dataProviderTest" name="getDataFromArray" time="0.000"/>
  <system-out/>
  <testcase classname="MichaelSeleniumAutomation.ExtractDataFromExcel.dataProviderTest" name="getDataFromArray" time="0.000"/>
  <system-out/>
  <testcase classname="MichaelSeleniumAutomation.ExtractDataFromExcel.dataProviderTest" name="getDataFromArray" time="0.000"/>
  <system-out/>
  <testcase classname="MichaelSeleniumAutomation.ExtractDataFromExcel.dataProviderTest" name="getDataFromArray" time="0.000"/>
  <system-out/>
  <testcase classname="MichaelSeleniumAutomation.ExtractDataFromExcel.dataProviderTest" name="getDataFromArray" time="0.000"/>
  <system-out/>
  <testcase classname="MichaelSeleniumAutomation.ExtractDataFromExcel.dataProviderTest" name="getDataFromArray" time="0.001"/>
  <system-out/>
  <testcase classname="MichaelSeleniumAutomation.ExtractDataFromExcel.dataProviderTest" name="getDataFromArray" time="0.001"/>
  <system-out/>
  <testcase classname="MichaelSeleniumAutomation.ExtractDataFromExcel.dataProviderTest" name="getDataFromArray" time="0.000"/>
  <system-out/>
  <testcase classname="MichaelSeleniumAutomation.ExtractDataFromExcel.dataProviderTest" name="getDataFromArray" time="0.000"/>
  <system-out/>
  <testcase classname="MichaelSeleniumAutomation.ExtractDataFromExcel.dataProviderTest" name="getDataFromArray" time="0.001"/>
  <system-out/>
  <testcase classname="MichaelSeleniumAutomation.ExtractDataFromExcel.dataProviderTest" name="getDataFromArray" time="0.000"/>
  <system-out/>
  <testcase classname="MichaelSeleniumAutomation.ExtractDataFromExcel.dataProviderTest" name="getDataFromArray" time="0.000"/>
  <system-out/>
  <testcase classname="MichaelSeleniumAutomation.ExtractDataFromExcel.dataProviderTest" name="getDataFromArray" time="0.001"/>
  <system-out/>
  <testcase classname="MichaelSeleniumAutomation.ExtractDataFromExcel.dataProviderTest" name="getDataFromArray" time="0.000"/>
  <system-out/>
  <testcase classname="MichaelSeleniumAutomation.ExtractDataFromExcel.dataProviderTest" name="getDataFromArray" time="0.000"/>
  <system-out/>
  <testcase classname="MichaelSeleniumAutomation.ExtractDataFromExcel.dataProviderTest" name="getDataFromArray" time="0.001"/>
  <system-out/>
  <testcase classname="MichaelSeleniumAutomation.ExtractDataFromExcel.dataProviderTest" name="getDataFromArray" time="0.001"/>
  <system-out/>
  <testcase classname="MichaelSeleniumAutomation.ExtractDataFromExcel.dataProviderTest" name="getDataFromArray" time="0.001"/>
  <system-out/>
  <testcase classname="MichaelSeleniumAutomation.ExtractDataFromExcel.dataProviderTest" name="getDataFromArray" time="0.000"/>
  <system-out/>
  <testcase classname="MichaelSeleniumAutomation.ExtractDataFromExcel.dataProviderTest" name="getDataFromArray" time="0.001"/>
  <system-out/>
  <testcase classname="MichaelSeleniumAutomation.ExtractDataFromExcel.dataProviderTest" name="getDataFromArray" time="0.001"/>
  <system-out/>
  <testcase classname="MichaelSeleniumAutomation.ExtractDataFromExcel.dataProviderTest" name="getDataFromArray" time="0.001"/>
  <system-out/>
  <testcase classname="MichaelSeleniumAutomation.ExtractDataFromExcel.dataProviderTest" name="getDataFromArray" time="0.001"/>
  <system-out/>
  <testcase classname="MichaelSeleniumAutomation.ExtractDataFromExcel.dataProviderTest" name="getDataFromArray" time="0.001"/>
  <system-out/>
  <testcase classname="MichaelSeleniumAutomation.ExtractDataFromExcel.dataProviderTest" name="getDataFromArray" time="0.000"/>
  <system-out/>
  <testcase classname="MichaelSeleniumAutomation.ExtractDataFromExcel.dataProviderTest" name="getDataFromArray" time="0.001"/>
  <system-out/>
  <testcase classname="MichaelSeleniumAutomation.ExtractDataFromExcel.dataProviderTest" name="getDataFromArray" time="0.000"/>
  <system-out/>
  <testcase classname="MichaelSeleniumAutomation.ExtractDataFromExcel.dataProviderTest" name="getDataFromArray" time="0.000"/>
  <system-out/>
  <testcase classname="MichaelSeleniumAutomation.ExtractDataFromExcel.dataProviderTest" name="getDataFromArray" time="0.001"/>
  <system-out/>
  <testcase classname="MichaelSeleniumAutomation.ExtractDataFromExcel.dataProviderTest" name="getDataFromArray" time="0.000"/>
  <system-out/>
  <testcase classname="MichaelSeleniumAutomation.ExtractDataFromExcel.dataProviderTest" name="getDataFromArray" time="0.001"/>
  <system-out/>
  <testcase classname="MichaelSeleniumAutomation.ExtractDataFromExcel.dataProviderTest" name="getDataFromArray" time="0.001"/>
  <system-out/>
  <testcase classname="MichaelSeleniumAutomation.ExtractDataFromExcel.dataProviderTest" name="getDataFromArray" time="0.000"/>
  <system-out/>
  <testcase classname="MichaelSeleniumAutomation.ExtractDataFromExcel.dataProviderTest" name="getDataFromArray" time="0.001"/>
  <system-out/>
  <testcase classname="MichaelSeleniumAutomation.ExtractDataFromExcel.dataProviderTest" name="getDataFromArray" time="0.000"/>
  <system-out/>
  <testcase classname="MichaelSeleniumAutomation.ExtractDataFromExcel.dataProviderTest" name="getDataFromArray" time="0.001"/>
  <system-out/>
  <testcase classname="MichaelSeleniumAutomation.ExtractDataFromExcel.dataProviderTest" name="getDataFromArray" time="0.001"/>
  <system-out/>
  <testcase classname="MichaelSeleniumAutomation.ExtractDataFromExcel.dataProviderTest" name="getDataFromArray" time="0.000"/>
  <system-out/>
  <testcase classname="MichaelSeleniumAutomation.ExtractDataFromExcel.dataProviderTest" name="getDataFromArray" time="0.001"/>
  <system-out/>
  <testcase classname="MichaelSeleniumAutomation.ExtractDataFromExcel.dataProviderTest" name="getDataFromArray" time="0.000"/>
  <system-out/>
  <testcase classname="MichaelSeleniumAutomation.ExtractDataFromExcel.dataProviderTest" name="getDataFromArray" time="0.000"/>
  <system-out/>
  <testcase classname="MichaelSeleniumAutomation.ExtractDataFromExcel.dataProviderTest" name="getDataFromArray" time="0.001"/>
  <system-out/>
  <testcase classname="MichaelSeleniumAutomation.ExtractDataFromExcel.dataProviderTest" name="getDataFromArray" time="0.001"/>
  <system-out/>
  <testcase classname="MichaelSeleniumAutomation.ExtractDataFromExcel.dataProviderTest" name="getDataFromArray" time="0.000"/>
  <system-out/>
  <testcase classname="MichaelSeleniumAutomation.ExtractDataFromExcel.dataProviderTest" name="getDataFromArray" time="0.001"/>
  <system-out/>
  <testcase classname="MichaelSeleniumAutomation.ExtractDataFromExcel.dataProviderTest" name="getDataFromArray" time="0.000"/>
  <system-out/>
  <testcase classname="MichaelSeleniumAutomation.ExtractDataFromExcel.dataProviderTest" name="getDataFromArray" time="0.000"/>
  <system-out/>
  <testcase classname="MichaelSeleniumAutomation.ExtractDataFromExcel.dataProviderTest" name="getDataFromArray" time="0.001"/>
  <system-out/>
  <testcase classname="MichaelSeleniumAutomation.ExtractDataFromExcel.dataProviderTest" name="getDataFromArray" time="0.000"/>
  <system-out/>
  <testcase classname="MichaelSeleniumAutomation.ExtractDataFromExcel.dataProviderTest" name="getDataFromArray" time="0.000"/>
  <system-out/>
  <testcase classname="MichaelSeleniumAutomation.ExtractDataFromExcel.dataProviderTest" name="getDataFromArray" time="0.001"/>
  <system-out/>
  <testcase classname="MichaelSeleniumAutomation.ExtractDataFromExcel.dataProviderTest" name="getDataFromArray" time="0.001"/>
  <system-out/>
  <testcase classname="MichaelSeleniumAutomation.ExtractDataFromExcel.dataProviderTest" name="getDataFromArray" time="0.000"/>
  <system-out/>
  <testcase classname="MichaelSeleniumAutomation.ExtractDataFromExcel.dataProviderTest" name="getDataFromArray" time="0.001"/>
  <system-out/>
  <testcase classname="MichaelSeleniumAutomation.ExtractDataFromExcel.dataProviderTest" name="getDataFromArray" time="0.000"/>
  <system-out/>
  <testcase classname="MichaelSeleniumAutomation.ExtractDataFromExcel.dataProviderTest" name="getDataFromArray" time="0.001"/>
  <system-out/>
  <testcase classname="MichaelSeleniumAutomation.ExtractDataFromExcel.dataProviderTest" name="getDataFromArray" time="0.001"/>
  <system-out/>
  <testcase classname="MichaelSeleniumAutomation.ExtractDataFromExcel.dataProviderTest" name="getDataFromArray" time="0.000"/>
  <system-out/>
  <testcase classname="MichaelSeleniumAutomation.ExtractDataFromExcel.dataProviderTest" name="getDataFromArray" time="0.000"/>
  <system-out/>
  <testcase classname="MichaelSeleniumAutomation.ExtractDataFromExcel.dataProviderTest" name="getDataFromArray" time="0.000"/>
  <system-out/>
  <testcase classname="MichaelSeleniumAutomation.ExtractDataFromExcel.dataProviderTest" name="getDataFromArray" time="0.000"/>
  <system-out/>
  <testcase classname="MichaelSeleniumAutomation.ExtractDataFromExcel.dataProviderTest" name="getDataFromArray" time="0.000"/>
  <system-out/>
  <testcase classname="MichaelSeleniumAutomation.ExtractDataFromExcel.dataProviderTest" name="getDataFromArray" time="0.001"/>
  <system-out/>
  <testcase classname="MichaelSeleniumAutomation.ExtractDataFromExcel.dataProviderTest" name="getDataFromArray" time="0.000"/>
  <system-out/>
  <testcase classname="MichaelSeleniumAutomation.ExtractDataFromExcel.dataProviderTest" name="getDataFromArray" time="0.000"/>
  <system-out/>
  <testcase classname="MichaelSeleniumAutomation.ExtractDataFromExcel.dataProviderTest" name="getDataFromArray" time="0.001"/>
  <system-out/>
  <testcase classname="MichaelSeleniumAutomation.ExtractDataFromExcel.dataProviderTest" name="getDataFromArray" time="0.000"/>
  <system-out/>
  <testcase classname="MichaelSeleniumAutomation.ExtractDataFromExcel.dataProviderTest" name="getDataFromArray" time="0.000"/>
  <system-out/>
  <testcase classname="MichaelSeleniumAutomation.ExtractDataFromExcel.dataProviderTest" name="getDataFromArray" time="0.000"/>
  <system-out/>
  <testcase classname="MichaelSeleniumAutomation.ExtractDataFromExcel.dataProviderTest" name="getDataFromArray" time="0.000"/>
  <system-out/>
  <testcase classname="MichaelSeleniumAutomation.ExtractDataFromExcel.dataProviderTest" name="getDataFromArray" time="0.000"/>
  <system-out/>
  <testcase classname="MichaelSeleniumAutomation.ExtractDataFromExcel.dataProviderTest" name="getDataFromArray" time="0.000"/>
  <system-out/>
  <testcase classname="MichaelSeleniumAutomation.ExtractDataFromExcel.dataProviderTest" name="getDataFromArray" time="0.000"/>
  <system-out/>
  <testcase classname="MichaelSeleniumAutomation.ExtractDataFromExcel.dataProviderTest" name="getDataFromArray" time="0.001"/>
  <system-out/>
  <testcase classname="MichaelSeleniumAutomation.ExtractDataFromExcel.dataProviderTest" name="getDataFromArray" time="0.001"/>
  <system-out/>
  <testcase classname="MichaelSeleniumAutomation.ExtractDataFromExcel.dataProviderTest" name="getDataFromArray" time="0.000"/>
  <system-out/>
  <testcase classname="MichaelSeleniumAutomation.ExtractDataFromExcel.dataProviderTest" name="getDataFromArray" time="0.000"/>
  <system-out/>
  <testcase classname="MichaelSeleniumAutomation.ExtractDataFromExcel.dataProviderTest" name="getDataFromArray" time="0.001"/>
  <system-out/>
  <testcase classname="MichaelSeleniumAutomation.ExtractDataFromExcel.dataProviderTest" name="getDataFromArray" time="0.000"/>
  <system-out/>
  <testcase classname="MichaelSeleniumAutomation.ExtractDataFromExcel.dataProviderTest" name="getDataFromArray" time="0.001"/>
  <system-out/>
  <testcase classname="MichaelSeleniumAutomation.ExtractDataFromExcel.dataProviderTest" name="getDataFromArray" time="0.001"/>
  <system-out/>
  <testcase classname="MichaelSeleniumAutomation.ExtractDataFromExcel.dataProviderTest" name="getDataFromArray" time="0.001"/>
  <system-out/>
  <testcase classname="MichaelSeleniumAutomation.ExtractDataFromExcel.dataProviderTest" name="getDataFromArray" time="0.002"/>
  <system-out/>
  <testcase classname="MichaelSeleniumAutomation.ExtractDataFromExcel.dataProviderTest" name="getDataFromArray" time="0.000"/>
  <system-out/>
  <testcase classname="MichaelSeleniumAutomation.ExtractDataFromExcel.dataProviderTest" name="getDataFromArray" time="0.000"/>
  <system-out/>
  <testcase classname="MichaelSeleniumAutomation.ExtractDataFromExcel.dataProviderTest" name="getDataFromArray" time="0.001"/>
  <system-out/>
  <testcase classname="MichaelSeleniumAutomation.ExtractDataFromExcel.dataProviderTest" name="getDataFromArray" time="0.000"/>
  <system-out/>
  <testcase classname="MichaelSeleniumAutomation.ExtractDataFromExcel.dataProviderTest" name="getDataFromArray" time="0.001"/>
  <system-out/>
  <testcase classname="MichaelSeleniumAutomation.ExtractDataFromExcel.dataProviderTest" name="getDataFromArray" time="0.001"/>
  <system-out/>
  <testcase classname="MichaelSeleniumAutomation.ExtractDataFromExcel.dataProviderTest" name="getDataFromArray" time="0.000"/>
  <system-out/>
  <testcase classname="MichaelSeleniumAutomation.ExtractDataFromExcel.dataProviderTest" name="getDataFromArray" time="0.000"/>
  <system-out/>
  <testcase classname="MichaelSeleniumAutomation.ExtractDataFromExcel.dataProviderTest" name="getDataFromArray" time="0.000"/>
  <system-out/>
  <testcase classname="MichaelSeleniumAutomation.ExtractDataFromExcel.dataProviderTest" name="getDataFromArray" time="0.000"/>
  <system-out/>
  <testcase classname="MichaelSeleniumAutomation.ExtractDataFromExcel.dataProviderTest" name="getDataFromArray" time="0.000"/>
  <system-out/>
  <testcase classname="MichaelSeleniumAutomation.ExtractDataFromExcel.dataProviderTest" name="getDataFromArray" time="0.001"/>
  <system-out/>
  <testcase classname="MichaelSeleniumAutomation.ExtractDataFromExcel.dataProviderTest" name="getDataFromArray" time="0.000"/>
  <system-out/>
  <testcase classname="MichaelSeleniumAutomation.ExtractDataFromExcel.dataProviderTest" name="getDataFromArray" time="0.000"/>
  <system-out/>
  <testcase classname="MichaelSeleniumAutomation.ExtractDataFromExcel.dataProviderTest" name="getDataFromArray" time="0.000"/>
  <system-out/>
  <testcase classname="MichaelSeleniumAutomation.ExtractDataFromExcel.dataProviderTest" name="getDataFromArray" time="0.000"/>
  <system-out/>
  <testcase classname="MichaelSeleniumAutomation.ExtractDataFromExcel.dataProviderTest" name="getDataFromArray" time="0.000"/>
  <system-out/>
  <testcase classname="MichaelSeleniumAutomation.ExtractDataFromExcel.dataProviderTest" name="getDataFromArray" time="0.001"/>
  <system-out/>
  <testcase classname="MichaelSeleniumAutomation.ExtractDataFromExcel.dataProviderTest" name="getDataFromArray" time="0.001"/>
  <system-out/>
  <testcase classname="MichaelSeleniumAutomation.ExtractDataFromExcel.dataProviderTest" name="getDataFromArray" time="0.000"/>
  <system-out/>
  <testcase classname="MichaelSeleniumAutomation.ExtractDataFromExcel.dataProviderTest" name="getDataFromArray" time="0.000"/>
  <system-out/>
  <testcase classname="MichaelSeleniumAutomation.ExtractDataFromExcel.dataProviderTest" name="getDataFromArray" time="0.001"/>
  <system-out/>
  <testcase classname="MichaelSeleniumAutomation.ExtractDataFromExcel.dataProviderTest" name="getDataFromArray" time="0.001"/>
  <system-out/>
  <testcase classname="MichaelSeleniumAutomation.ExtractDataFromExcel.dataProviderTest" name="getDataFromArray" time="0.001"/>
  <system-out/>
  <testcase classname="MichaelSeleniumAutomation.ExtractDataFromExcel.dataProviderTest" name="getDataFromArray" time="0.000"/>
  <system-out/>
  <testcase classname="MichaelSeleniumAutomation.ExtractDataFromExcel.dataProviderTest" name="getDataFromArray" time="0.000"/>
  <system-out/>
  <testcase classname="MichaelSeleniumAutomation.ExtractDataFromExcel.dataProviderTest" name="getDataFromArray" time="0.000"/>
  <system-out/>
  <testcase classname="MichaelSeleniumAutomation.ExtractDataFromExcel.dataProviderTest" name="getDataFromArray" time="0.001"/>
  <system-out/>
  <testcase classname="MichaelSeleniumAutomation.ExtractDataFromExcel.dataProviderTest" name="getDataFromArray" time="0.000"/>
  <system-out/>
  <testcase classname="MichaelSeleniumAutomation.ExtractDataFromExcel.dataProviderTest" name="getDataFromArray" time="0.000"/>
  <system-out/>
  <testcase classname="MichaelSeleniumAutomation.ExtractDataFromExcel.dataProviderTest" name="getDataFromArray" time="0.001"/>
  <system-out/>
  <testcase classname="MichaelSeleniumAutomation.ExtractDataFromExcel.dataProviderTest" name="getDataFromArray" time="0.000"/>
  <system-out/>
  <testcase classname="MichaelSeleniumAutomation.ExtractDataFromExcel.dataProviderTest" name="getDataFromArray" time="0.000"/>
  <system-out/>
  <testcase classname="MichaelSeleniumAutomation.ExtractDataFromExcel.dataProviderTest" name="getDataFromArray" time="0.000"/>
  <system-out/>
  <testcase classname="MichaelSeleniumAutomation.ExtractDataFromExcel.dataProviderTest" name="getDataFromArray" time="0.000"/>
  <system-out/>
  <testcase classname="MichaelSeleniumAutomation.ExtractDataFromExcel.dataProviderTest" name="getDataFromArray" time="0.000"/>
  <system-out/>
  <testcase classname="MichaelSeleniumAutomation.ExtractDataFromExcel.dataProviderTest" name="getDataFromArray" time="0.000"/>
  <system-out/>
  <testcase classname="MichaelSeleniumAutomation.ExtractDataFromExcel.dataProviderTest" name="getDataFromArray" time="0.000"/>
  <system-out/>
  <testcase classname="MichaelSeleniumAutomation.ExtractDataFromExcel.dataProviderTest" name="getDataFromArray" time="0.000"/>
  <system-out/>
  <testcase classname="MichaelSeleniumAutomation.ExtractDataFromExcel.dataProviderTest" name="getDataFromArray" time="0.000"/>
  <system-out/>
  <testcase classname="MichaelSeleniumAutomation.ExtractDataFromExcel.dataProviderTest" name="getDataFromArray" time="0.001"/>
  <system-out/>
  <testcase classname="MichaelSeleniumAutomation.ExtractDataFromExcel.dataProviderTest" name="getDataFromArray" time="0.000"/>
  <system-out/>
  <testcase classname="MichaelSeleniumAutomation.ExtractDataFromExcel.dataProviderTest" name="getDataFromArray" time="0.000"/>
  <system-out/>
  <testcase classname="MichaelSeleniumAutomation.ExtractDataFromExcel.dataProviderTest" name="getDataFromArray" time="0.000"/>
  <system-out/>
  <testcase classname="MichaelSeleniumAutomation.ExtractDataFromExcel.dataProviderTest" name="getDataFromArray" time="0.001"/>
  <system-out/>
  <testcase classname="MichaelSeleniumAutomation.ExtractDataFromExcel.dataProviderTest" name="getDataFromArray" time="0.001"/>
  <system-out/>
  <testcase classname="MichaelSeleniumAutomation.ExtractDataFromExcel.dataProviderTest" name="getDataFromArray" time="0.000"/>
  <system-out/>
  <testcase classname="MichaelSeleniumAutomation.ExtractDataFromExcel.dataProviderTest" name="getDataFromArray" time="0.001"/>
  <system-out/>
  <testcase classname="MichaelSeleniumAutomation.ExtractDataFromExcel.dataProviderTest" name="getDataFromArray" time="0.000"/>
  <system-out/>
  <testcase classname="MichaelSeleniumAutomation.ExtractDataFromExcel.dataProviderTest" name="getDataFromArray" time="0.000"/>
  <system-out/>
  <testcase classname="MichaelSeleniumAutomation.ExtractDataFromExcel.dataProviderTest" name="getDataFromArray" time="0.000"/>
  <system-out/>
  <testcase classname="MichaelSeleniumAutomation.ExtractDataFromExcel.dataProviderTest" name="getDataFromArray" time="0.000"/>
  <system-out/>
  <testcase classname="MichaelSeleniumAutomation.ExtractDataFromExcel.dataProviderTest" name="getDataFromArray" time="0.000"/>
  <system-out/>
  <testcase classname="MichaelSeleniumAutomation.ExtractDataFromExcel.dataProviderTest" name="getDataFromArray" time="0.001"/>
  <system-out/>
  <testcase classname="MichaelSeleniumAutomation.ExtractDataFromExcel.dataProviderTest" name="getDataFromArray" time="0.000"/>
  <system-out/>
  <testcase classname="MichaelSeleniumAutomation.ExtractDataFromExcel.dataProviderTest" name="getDataFromArray" time="0.001"/>
  <system-out/>
  <testcase classname="MichaelSeleniumAutomation.ExtractDataFromExcel.dataProviderTest" name="getDataFromArray" time="0.000"/>
  <system-out/>
  <testcase classname="MichaelSeleniumAutomation.ExtractDataFromExcel.dataProviderTest" name="getsData" time="0.001"/>
  <system-out/>
  <testcase classname="MichaelSeleniumAutomation.ExtractDataFromExcel.dataProviderTest" name="getDataFromArray" time="0.001"/>
  <system-out/>
  <testcase classname="MichaelSeleniumAutomation.ExtractDataFromExcel.dataProviderTest" name="getDataFromArray" time="0.000"/>
  <system-out/>
  <testcase classname="MichaelSeleniumAutomation.ExtractDataFromExcel.dataProviderTest" name="getDataFromArray" time="0.000"/>
  <system-out/>
  <testcase classname="MichaelSeleniumAutomation.ExtractDataFromExcel.dataProviderTest" name="getDataFromArray" time="0.000"/>
  <system-out/>
  <testcase classname="MichaelSeleniumAutomation.ExtractDataFromExcel.dataProviderTest" name="getDataFromArray" time="0.000"/>
  <system-out/>
  <testcase classname="MichaelSeleniumAutomation.ExtractDataFromExcel.dataProviderTest" name="getDataFromArray" time="0.000"/>
  <system-out/>
  <testcase classname="MichaelSeleniumAutomation.ExtractDataFromExcel.dataProviderTest" name="getDataFromArray" time="0.000"/>
  <system-out/>
  <testcase classname="MichaelSeleniumAutomation.ExtractDataFromExcel.dataProviderTest" name="getDataFromArray" time="0.000"/>
  <system-out/>
  <testcase classname="MichaelSeleniumAutomation.ExtractDataFromExcel.dataProviderTest" name="getDataFromArray" time="0.001"/>
  <system-out/>
  <testcase classname="MichaelSeleniumAutomation.ExtractDataFromExcel.dataProviderTest" name="getDataFromArray" time="0.000"/>
  <system-out/>
  <testcase classname="MichaelSeleniumAutomation.ExtractDataFromExcel.dataProviderTest" name="getDataFromArray" time="0.000"/>
  <system-out/>
  <testcase classname="MichaelSeleniumAutomation.ExtractDataFromExcel.dataProviderTest" name="getDataFromArray" time="0.000"/>
  <system-out/>
  <testcase classname="MichaelSeleniumAutomation.ExtractDataFromExcel.dataProviderTest" name="getDataFromArray" time="0.001"/>
  <system-out/>
  <testcase classname="MichaelSeleniumAutomation.ExtractDataFromExcel.dataProviderTest" name="getDataFromArray" time="0.000"/>
  <system-out/>
  <testcase classname="MichaelSeleniumAutomation.ExtractDataFromExcel.dataProviderTest" name="getDataFromArray" time="0.000"/>
  <system-out/>
  <testcase classname="MichaelSeleniumAutomation.ExtractDataFromExcel.dataProviderTest" name="getDataFromArray" time="0.000"/>
  <system-out/>
  <testcase classname="MichaelSeleniumAutomation.ExtractDataFromExcel.dataProviderTest" name="getDataFromArray" time="0.000"/>
  <system-out/>
  <testcase classname="MichaelSeleniumAutomation.ExtractDataFromExcel.dataProviderTest" name="getDataFromArray" time="0.000"/>
  <system-out/>
  <testcase classname="MichaelSeleniumAutomation.ExtractDataFromExcel.dataProviderTest" name="getDataFromArray" time="0.001"/>
  <system-out/>
  <testcase classname="MichaelSeleniumAutomation.ExtractDataFromExcel.dataProviderTest" name="getDataFromArray" time="0.000"/>
  <system-out/>
  <testcase classname="MichaelSeleniumAutomation.ExtractDataFromExcel.dataProviderTest" name="getDataFromArray" time="0.001"/>
  <system-out/>
  <testcase classname="MichaelSeleniumAutomation.ExtractDataFromExcel.dataProviderTest" name="getDataFromArray" time="0.000"/>
  <system-out/>
  <testcase classname="MichaelSeleniumAutomation.ExtractDataFromExcel.dataProviderTest" name="getDataFromArray" time="0.000"/>
  <system-out/>
  <testcase classname="MichaelSeleniumAutomation.ExtractDataFromExcel.dataProviderTest" name="getDataFromArray" time="0.000"/>
  <system-out/>
  <testcase classname="MichaelSeleniumAutomation.ExtractDataFromExcel.dataProviderTest" name="getDataFromArray" time="0.001"/>
  <system-out/>
  <testcase classname="MichaelSeleniumAutomation.ExtractDataFromExcel.dataProviderTest" name="getDataFromArray" time="0.000"/>
  <system-out/>
  <testcase classname="MichaelSeleniumAutomation.ExtractDataFromExcel.dataProviderTest" name="getDataFromArray" time="0.000"/>
  <system-out/>
  <testcase classname="MichaelSeleniumAutomation.ExtractDataFromExcel.dataProviderTest" name="getDataFromArray" time="0.001"/>
  <system-out/>
  <testcase classname="MichaelSeleniumAutomation.ExtractDataFromExcel.dataProviderTest" name="getDataFromArray" time="0.000"/>
  <system-out/>
  <testcase classname="MichaelSeleniumAutomation.ExtractDataFromExcel.dataProviderTest" name="getDataFromArray" time="0.000"/>
  <system-out/>
  <testcase classname="MichaelSeleniumAutomation.ExtractDataFromExcel.dataProviderTest" name="getDataFromArray" time="0.001"/>
  <system-out/>
  <testcase classname="MichaelSeleniumAutomation.ExtractDataFromExcel.dataProviderTest" name="getDataFromArray" time="0.000"/>
  <system-out/>
  <testcase classname="MichaelSeleniumAutomation.ExtractDataFromExcel.dataProviderTest" name="getDataFromArray" time="0.001"/>
  <system-out/>
  <testcase classname="MichaelSeleniumAutomation.ExtractDataFromExcel.dataProviderTest" name="getDataFromArray" time="0.001"/>
  <system-out/>
  <testcase classname="MichaelSeleniumAutomation.ExtractDataFromExcel.dataProviderTest" name="getDataFromArray" time="0.000"/>
  <system-out/>
  <testcase classname="MichaelSeleniumAutomation.ExtractDataFromExcel.dataProviderTest" name="getDataFromArray" time="0.000"/>
  <system-out/>
  <testcase classname="MichaelSeleniumAutomation.ExtractDataFromExcel.dataProviderTest" name="getDataFromArray" time="0.001"/>
  <system-out/>
  <testcase classname="MichaelSeleniumAutomation.ExtractDataFromExcel.dataProviderTest" name="getDataFromArray" time="0.000"/>
  <system-out/>
  <testcase classname="MichaelSeleniumAutomation.ExtractDataFromExcel.dataProviderTest" name="getDataFromArray" time="0.000"/>
  <system-out/>
  <testcase classname="MichaelSeleniumAutomation.ExtractDataFromExcel.dataProviderTest" name="getDataFromArray" time="0.001"/>
  <system-out/>
  <testcase classname="MichaelSeleniumAutomation.ExtractDataFromExcel.dataProviderTest" name="getDataFromArray" time="0.000"/>
  <system-out/>
  <testcase classname="MichaelSeleniumAutomation.ExtractDataFromExcel.dataProviderTest" name="getDataFromArray" time="0.000"/>
  <system-out/>
  <testcase classname="MichaelSeleniumAutomation.ExtractDataFromExcel.dataProviderTest" name="getDataFromArray" time="0.000"/>
  <system-out/>
  <testcase classname="MichaelSeleniumAutomation.ExtractDataFromExcel.dataProviderTest" name="getDataFromArray" time="0.000"/>
  <system-out/>
  <testcase classname="MichaelSeleniumAutomation.ExtractDataFromExcel.dataProviderTest" name="getDataFromArray" time="0.000"/>
  <system-out/>
  <testcase classname="MichaelSeleniumAutomation.ExtractDataFromExcel.dataProviderTest" name="getDataFromArray" time="0.000"/>
  <system-out/>
  <testcase classname="MichaelSeleniumAutomation.ExtractDataFromExcel.dataProviderTest" name="getDataFromArray" time="0.000"/>
  <system-out/>
  <testcase classname="MichaelSeleniumAutomation.ExtractDataFromExcel.dataProviderTest" name="getDataFromArray" time="0.001"/>
  <system-out/>
  <testcase classname="MichaelSeleniumAutomation.ExtractDataFromExcel.dataProviderTest" name="getDataFromArray" time="0.000"/>
  <system-out/>
  <testcase classname="MichaelSeleniumAutomation.ExtractDataFromExcel.dataProviderTest" name="getDataFromArray" time="0.000"/>
  <system-out/>
  <testcase classname="MichaelSeleniumAutomation.ExtractDataFromExcel.dataProviderTest" name="getDataFromArray" time="0.000"/>
  <system-out/>
  <testcase classname="MichaelSeleniumAutomation.ExtractDataFromExcel.dataProviderTest" name="getDataFromArray" time="0.001"/>
  <system-out/>
  <testcase classname="MichaelSeleniumAutomation.ExtractDataFromExcel.dataProviderTest" name="getDataFromArray" time="0.001"/>
  <system-out/>
  <testcase classname="MichaelSeleniumAutomation.ExtractDataFromExcel.dataProviderTest" name="getDataFromArray" time="0.001"/>
  <system-out/>
  <testcase classname="MichaelSeleniumAutomation.ExtractDataFromExcel.dataProviderTest" name="getDataFromArray" time="0.001"/>
  <system-out/>
  <testcase classname="MichaelSeleniumAutomation.ExtractDataFromExcel.dataProviderTest" name="getDataFromArray" time="0.000"/>
  <system-out/>
  <testcase classname="MichaelSeleniumAutomation.ExtractDataFromExcel.dataProviderTest" name="getDataFromArray" time="0.001"/>
  <system-out/>
  <testcase classname="MichaelSeleniumAutomation.ExtractDataFromExcel.dataProviderTest" name="getDataFromArray" time="0.000"/>
  <system-out/>
  <testcase classname="MichaelSeleniumAutomation.ExtractDataFromExcel.dataProviderTest" name="getDataFromArray" time="0.000"/>
  <system-out/>
  <testcase classname="MichaelSeleniumAutomation.ExtractDataFromExcel.dataProviderTest" name="getDataFromArray" time="0.000"/>
  <system-out/>
  <testcase classname="MichaelSeleniumAutomation.ExtractDataFromExcel.dataProviderTest" name="getDataFromArray" time="0.001"/>
  <system-out/>
  <testcase classname="MichaelSeleniumAutomation.ExtractDataFromExcel.dataProviderTest" name="getDataFromArray" time="0.001"/>
  <system-out/>
  <testcase classname="MichaelSeleniumAutomation.ExtractDataFromExcel.dataProviderTest" name="getDataFromArray" time="0.001"/>
  <system-out/>
  <testcase classname="MichaelSeleniumAutomation.ExtractDataFromExcel.dataProviderTest" name="getDataFromArray" time="0.001"/>
  <system-out/>
  <testcase classname="MichaelSeleniumAutomation.ExtractDataFromExcel.dataProviderTest" name="getDataFromArray" time="0.001"/>
  <system-out/>
  <testcase classname="MichaelSeleniumAutomation.ExtractDataFromExcel.dataProviderTest" name="getDataFromArray" time="0.000"/>
  <system-out/>
  <testcase classname="MichaelSeleniumAutomation.ExtractDataFromExcel.dataProviderTest" name="getDataFromArray" time="0.000"/>
  <system-out/>
  <testcase classname="MichaelSeleniumAutomation.ExtractDataFromExcel.dataProviderTest" name="getDataFromArray" time="0.001"/>
  <system-out/>
  <testcase classname="MichaelSeleniumAutomation.ExtractDataFromExcel.dataProviderTest" name="getDataFromArray" time="0.000"/>
  <system-out/>
  <testcase classname="MichaelSeleniumAutomation.ExtractDataFromExcel.dataProviderTest" name="getDataFromArray" time="0.000"/>
  <system-out/>
  <testcase classname="MichaelSeleniumAutomation.ExtractDataFromExcel.dataProviderTest" name="getDataFromArray" time="0.001"/>
  <system-out/>
  <testcase classname="MichaelSeleniumAutomation.ExtractDataFromExcel.dataProviderTest" name="getDataFromArray" time="0.000"/>
  <system-out/>
  <testcase classname="MichaelSeleniumAutomation.ExtractDataFromExcel.dataProviderTest" name="getDataFromArray" time="0.001"/>
  <system-out/>
  <testcase classname="MichaelSeleniumAutomation.ExtractDataFromExcel.dataProviderTest" name="getDataFromArray" time="0.000"/>
  <system-out/>
  <testcase classname="MichaelSeleniumAutomation.ExtractDataFromExcel.dataProviderTest" name="getDataFromArray" time="0.002"/>
  <system-out/>
  <testcase classname="MichaelSeleniumAutomation.ExtractDataFromExcel.dataProviderTest" name="getDataFromArray" time="0.000"/>
  <system-out/>
  <testcase classname="MichaelSeleniumAutomation.ExtractDataFromExcel.dataProviderTest" name="getDataFromArray" time="0.000"/>
  <system-out/>
  <testcase classname="MichaelSeleniumAutomation.ExtractDataFromExcel.dataProviderTest" name="getDataFromArray" time="0.000"/>
  <system-out/>
  <testcase classname="MichaelSeleniumAutomation.ExtractDataFromExcel.dataProviderTest" name="getDataFromArray" time="0.000"/>
  <system-out/>
  <testcase classname="MichaelSeleniumAutomation.ExtractDataFromExcel.dataProviderTest" name="getDataFromArray" time="0.000"/>
  <system-out/>
  <testcase classname="MichaelSeleniumAutomation.ExtractDataFromExcel.dataProviderTest" name="getDataFromArray" time="0.000"/>
  <system-out/>
  <testcase classname="MichaelSeleniumAutomation.ExtractDataFromExcel.dataProviderTest" name="getDataFromArray" time="0.001"/>
  <system-out/>
  <testcase classname="MichaelSeleniumAutomation.ExtractDataFromExcel.dataProviderTest" name="getDataFromArray" time="0.001"/>
  <system-out/>
  <testcase classname="MichaelSeleniumAutomation.ExtractDataFromExcel.dataProviderTest" name="getDataFromArray" time="0.000"/>
  <system-out/>
  <testcase classname="MichaelSeleniumAutomation.ExtractDataFromExcel.dataProviderTest" name="getDataFromArray" time="0.000"/>
  <system-out/>
  <testcase classname="MichaelSeleniumAutomation.ExtractDataFromExcel.dataProviderTest" name="getDataFromArray" time="0.000"/>
  <system-out/>
  <testcase classname="MichaelSeleniumAutomation.ExtractDataFromExcel.dataProviderTest" name="getDataFromArray" time="0.001"/>
  <system-out/>
  <testcase classname="MichaelSeleniumAutomation.ExtractDataFromExcel.dataProviderTest" name="getDataFromArray" time="0.000"/>
  <system-out/>
  <testcase classname="MichaelSeleniumAutomation.ExtractDataFromExcel.dataProviderTest" name="getDataFromArray" time="0.000"/>
  <system-out/>
  <testcase classname="MichaelSeleniumAutomation.ExtractDataFromExcel.dataProviderTest" name="getDataFromArray" time="0.000"/>
  <system-out/>
  <testcase classname="MichaelSeleniumAutomation.ExtractDataFromExcel.dataProviderTest" name="getDataFromArray" time="0.000"/>
  <system-out/>
  <testcase classname="MichaelSeleniumAutomation.ExtractDataFromExcel.dataProviderTest" name="getDataFromArray" time="0.001"/>
  <system-out/>
  <testcase classname="MichaelSeleniumAutomation.ExtractDataFromExcel.dataProviderTest" name="getDataFromArray" time="0.001"/>
  <system-out/>
  <testcase classname="MichaelSeleniumAutomation.ExtractDataFromExcel.dataProviderTest" name="getDataFromArray" time="0.000"/>
  <system-out/>
  <testcase classname="MichaelSeleniumAutomation.ExtractDataFromExcel.dataProviderTest" name="getDataFromArray" time="0.000"/>
  <system-out/>
  <testcase classname="MichaelSeleniumAutomation.ExtractDataFromExcel.dataProviderTest" name="getDataFromArray" time="0.001"/>
  <system-out/>
  <testcase classname="MichaelSeleniumAutomation.ExtractDataFromExcel.dataProviderTest" name="getDataFromArray" time="0.000"/>
  <system-out/>
  <testcase classname="MichaelSeleniumAutomation.ExtractDataFromExcel.dataProviderTest" name="getDataFromArray" time="0.000"/>
  <system-out/>
  <testcase classname="MichaelSeleniumAutomation.ExtractDataFromExcel.dataProviderTest" name="getDataFromArray" time="0.001"/>
  <system-out/>
  <testcase classname="MichaelSeleniumAutomation.ExtractDataFromExcel.dataProviderTest" name="getDataFromArray" time="0.001"/>
  <system-out/>
  <testcase classname="MichaelSeleniumAutomation.ExtractDataFromExcel.dataProviderTest" name="getDataFromArray" time="0.001"/>
  <system-out/>
  <testcase classname="MichaelSeleniumAutomation.ExtractDataFromExcel.dataProviderTest" name="getDataFromArray" time="0.000"/>
  <system-out/>
  <testcase classname="MichaelSeleniumAutomation.ExtractDataFromExcel.dataProviderTest" name="getDataFromArray" time="0.001"/>
  <system-out/>
  <testcase classname="MichaelSeleniumAutomation.ExtractDataFromExcel.dataProviderTest" name="getDataFromArray" time="0.000"/>
  <system-out/>
  <testcase classname="MichaelSeleniumAutomation.ExtractDataFromExcel.dataProviderTest" name="getDataFromArray" time="0.000"/>
  <system-out/>
  <testcase classname="MichaelSeleniumAutomation.ExtractDataFromExcel.dataProviderTest" name="getDataFromArray" time="0.001"/>
  <system-out/>
  <testcase classname="MichaelSeleniumAutomation.ExtractDataFromExcel.dataProviderTest" name="getDataFromArray" time="0.000"/>
  <system-out/>
  <testcase classname="MichaelSeleniumAutomation.ExtractDataFromExcel.dataProviderTest" name="getDataFromArray" time="0.001"/>
  <system-out/>
  <testcase classname="MichaelSeleniumAutomation.ExtractDataFromExcel.dataProviderTest" name="getDataFromArray" time="0.000"/>
  <system-out/>
  <testcase classname="MichaelSeleniumAutomation.ExtractDataFromExcel.dataProviderTest" name="getDataFromArray" time="0.001"/>
  <system-out/>
  <testcase classname="MichaelSeleniumAutomation.ExtractDataFromExcel.dataProviderTest" name="getDataFromArray" time="0.000"/>
  <system-out/>
  <testcase classname="MichaelSeleniumAutomation.ExtractDataFromExcel.dataProviderTest" name="getDataFromArray" time="0.001"/>
  <system-out/>
  <testcase classname="MichaelSeleniumAutomation.ExtractDataFromExcel.dataProviderTest" name="getDataFromArray" time="0.001"/>
  <system-out/>
  <testcase classname="MichaelSeleniumAutomation.ExtractDataFromExcel.dataProviderTest" name="getDataFromArray" time="0.000"/>
  <system-out/>
  <testcase classname="MichaelSeleniumAutomation.ExtractDataFromExcel.dataProviderTest" name="getDataFromArray" time="0.000"/>
  <system-out/>
  <testcase classname="MichaelSeleniumAutomation.ExtractDataFromExcel.dataProviderTest" name="getDataFromArray" time="0.000"/>
  <system-out/>
  <testcase classname="MichaelSeleniumAutomation.ExtractDataFromExcel.dataProviderTest" name="getDataFromArray" time="0.000"/>
  <system-out/>
  <testcase classname="MichaelSeleniumAutomation.ExtractDataFromExcel.dataProviderTest" name="getDataFromArray" time="0.001"/>
  <system-out/>
  <testcase classname="MichaelSeleniumAutomation.ExtractDataFromExcel.dataProviderTest" name="getDataFromArray" time="0.000"/>
  <system-out/>
  <testcase classname="MichaelSeleniumAutomation.ExtractDataFromExcel.dataProviderTest" name="getDataFromArray" time="0.001"/>
  <system-out/>
  <testcase classname="MichaelSeleniumAutomation.ExtractDataFromExcel.dataProviderTest" name="getDataFromArray" time="0.001"/>
  <system-out/>
  <testcase classname="MichaelSeleniumAutomation.ExtractDataFromExcel.dataProviderTest" name="getDataFromArray" time="0.000"/>
  <system-out/>
  <testcase classname="MichaelSeleniumAutomation.ExtractDataFromExcel.dataProviderTest" name="getDataFromArray" time="0.001"/>
  <system-out/>
  <testcase classname="MichaelSeleniumAutomation.ExtractDataFromExcel.dataProviderTest" name="getDataFromArray" time="0.000"/>
  <system-out/>
  <testcase classname="MichaelSeleniumAutomation.ExtractDataFromExcel.dataProviderTest" name="getDataFromArray" time="0.000"/>
  <system-out/>
  <testcase classname="MichaelSeleniumAutomation.ExtractDataFromExcel.dataProviderTest" name="getDataFromArray" time="0.000"/>
  <system-out/>
  <testcase classname="MichaelSeleniumAutomation.ExtractDataFromExcel.dataProviderTest" name="getDataFromArray" time="0.001"/>
  <system-out/>
  <testcase classname="MichaelSeleniumAutomation.ExtractDataFromExcel.dataProviderTest" name="getDataFromArray" time="0.000"/>
  <system-out/>
  <testcase classname="MichaelSeleniumAutomation.ExtractDataFromExcel.dataProviderTest" name="getDataFromArray" time="0.000"/>
  <system-out/>
  <testcase classname="MichaelSeleniumAutomation.ExtractDataFromExcel.dataProviderTest" name="getDataFromArray" time="0.000"/>
  <system-out/>
  <testcase classname="MichaelSeleniumAutomation.ExtractDataFromExcel.dataProviderTest" name="getDataFromArray" time="0.000"/>
  <system-out/>
  <testcase classname="MichaelSeleniumAutomation.ExtractDataFromExcel.dataProviderTest" name="getDataFromArray" time="0.000"/>
  <system-out/>
  <testcase classname="MichaelSeleniumAutomation.ExtractDataFromExcel.dataProviderTest" name="getDataFromArray" time="0.001"/>
  <system-out/>
  <testcase classname="MichaelSeleniumAutomation.ExtractDataFromExcel.dataProviderTest" name="getDataFromArray" time="0.000"/>
  <system-out/>
  <testcase classname="MichaelSeleniumAutomation.ExtractDataFromExcel.dataProviderTest" name="getDataFromArray" time="0.001"/>
  <system-out/>
  <testcase classname="MichaelSeleniumAutomation.ExtractDataFromExcel.dataProviderTest" name="getDataFromArray" time="0.001"/>
  <system-out/>
  <testcase classname="MichaelSeleniumAutomation.ExtractDataFromExcel.dataProviderTest" name="getDataFromArray" time="0.001"/>
  <system-out/>
  <testcase classname="MichaelSeleniumAutomation.ExtractDataFromExcel.dataProviderTest" name="getDataFromArray" time="0.000"/>
  <system-out/>
  <testcase classname="MichaelSeleniumAutomation.ExtractDataFromExcel.dataProviderTest" name="getDataFromArray" time="0.000"/>
  <system-out/>
  <testcase classname="MichaelSeleniumAutomation.ExtractDataFromExcel.dataProviderTest" name="getDataFromArray" time="0.001"/>
  <system-out/>
  <testcase classname="MichaelSeleniumAutomation.ExtractDataFromExcel.dataProviderTest" name="getDataFromArray" time="0.001"/>
  <system-out/>
  <testcase classname="MichaelSeleniumAutomation.ExtractDataFromExcel.dataProviderTest" name="getDataFromArray" time="0.001"/>
  <system-out/>
  <testcase classname="MichaelSeleniumAutomation.ExtractDataFromExcel.dataProviderTest" name="getDataFromArray" time="0.000"/>
  <system-out/>
  <testcase classname="MichaelSeleniumAutomation.ExtractDataFromExcel.dataProviderTest" name="getDataFromArray" time="0.000"/>
  <system-out/>
  <testcase classname="MichaelSeleniumAutomation.ExtractDataFromExcel.dataProviderTest" name="getDataFromArray" time="0.001"/>
  <system-out/>
  <testcase classname="MichaelSeleniumAutomation.ExtractDataFromExcel.dataProviderTest" name="getDataFromArray" time="0.000"/>
  <system-out/>
  <testcase classname="MichaelSeleniumAutomation.ExtractDataFromExcel.dataProviderTest" name="getDataFromArray" time="0.000"/>
  <system-out/>
  <testcase classname="MichaelSeleniumAutomation.ExtractDataFromExcel.dataProviderTest" name="getDataFromArray" time="0.000"/>
  <system-out/>
  <testcase classname="MichaelSeleniumAutomation.ExtractDataFromExcel.dataProviderTest" name="getDataFromArray" time="0.000"/>
  <system-out/>
  <testcase classname="MichaelSeleniumAutomation.ExtractDataFromExcel.dataProviderTest" name="getDataFromArray" time="0.000"/>
  <system-out/>
  <testcase classname="MichaelSeleniumAutomation.ExtractDataFromExcel.dataProviderTest" name="getDataFromArray" time="0.000"/>
  <system-out/>
  <testcase classname="MichaelSeleniumAutomation.ExtractDataFromExcel.dataProviderTest" name="getDataFromArray" time="0.001"/>
  <system-out/>
  <testcase classname="MichaelSeleniumAutomation.ExtractDataFromExcel.dataProviderTest" name="getDataFromArray" time="0.000"/>
  <system-out/>
  <testcase classname="MichaelSeleniumAutomation.ExtractDataFromExcel.dataProviderTest" name="getDataFromArray" time="0.001"/>
  <system-out/>
  <testcase classname="MichaelSeleniumAutomation.ExtractDataFromExcel.dataProviderTest" name="getDataFromArray" time="0.001"/>
  <system-out/>
  <testcase classname="MichaelSeleniumAutomation.ExtractDataFromExcel.dataProviderTest" name="getDataFromArray" time="0.000"/>
  <system-out/>
  <testcase classname="MichaelSeleniumAutomation.ExtractDataFromExcel.dataProviderTest" name="getDataFromArray" time="0.000"/>
  <system-out/>
  <testcase classname="MichaelSeleniumAutomation.ExtractDataFromExcel.dataProviderTest" name="getDataFromArray" time="0.001"/>
  <system-out/>
  <testcase classname="MichaelSeleniumAutomation.ExtractDataFromExcel.dataProviderTest" name="getDataFromArray" time="0.000"/>
  <system-out/>
  <testcase classname="MichaelSeleniumAutomation.ExtractDataFromExcel.dataProviderTest" name="getDataFromArray" time="0.001"/>
  <system-out/>
  <testcase classname="MichaelSeleniumAutomation.ExtractDataFromExcel.dataProviderTest" name="getDataFromArray" time="0.000"/>
  <system-out/>
  <testcase classname="MichaelSeleniumAutomation.ExtractDataFromExcel.dataProviderTest" name="getDataFromArray" time="0.000"/>
  <system-out/>
  <testcase classname="MichaelSeleniumAutomation.ExtractDataFromExcel.dataProviderTest" name="getDataFromArray" time="0.000"/>
  <system-out/>
  <testcase classname="MichaelSeleniumAutomation.ExtractDataFromExcel.dataProviderTest" name="getDataFromArray" time="0.000"/>
  <system-out/>
  <testcase classname="MichaelSeleniumAutomation.ExtractDataFromExcel.dataProviderTest" name="getDataFromArray" time="0.000"/>
  <system-out/>
  <testcase classname="MichaelSeleniumAutomation.ExtractDataFromExcel.dataProviderTest" name="getDataFromArray" time="0.001"/>
  <system-out/>
  <testcase classname="MichaelSeleniumAutomation.ExtractDataFromExcel.dataProviderTest" name="getDataFromArray" time="0.001"/>
  <system-out/>
  <testcase classname="MichaelSeleniumAutomation.ExtractDataFromExcel.dataProviderTest" name="getDataFromArray" time="0.001"/>
  <system-out/>
  <testcase classname="MichaelSeleniumAutomation.ExtractDataFromExcel.dataProviderTest" name="getDataFromArray" time="0.001"/>
  <system-out/>
  <testcase classname="MichaelSeleniumAutomation.ExtractDataFromExcel.dataProviderTest" name="getDataFromArray" time="0.000"/>
  <system-out/>
  <testcase classname="MichaelSeleniumAutomation.ExtractDataFromExcel.dataProviderTest" name="getDataFromArray" time="0.000"/>
  <system-out/>
  <testcase classname="MichaelSeleniumAutomation.ExtractDataFromExcel.dataProviderTest" name="getDataFromArray" time="0.000"/>
  <system-out/>
  <testcase classname="MichaelSeleniumAutomation.ExtractDataFromExcel.dataProviderTest" name="getDataFromArray" time="0.000"/>
  <system-out/>
  <testcase classname="MichaelSeleniumAutomation.ExtractDataFromExcel.dataProviderTest" name="getDataFromArray" time="0.001"/>
  <system-out/>
  <testcase classname="MichaelSeleniumAutomation.ExtractDataFromExcel.dataProviderTest" name="getDataFromArray" time="0.001"/>
  <system-out/>
  <testcase classname="MichaelSeleniumAutomation.ExtractDataFromExcel.dataProviderTest" name="getDataFromArray" time="0.000"/>
  <system-out/>
  <testcase classname="MichaelSeleniumAutomation.ExtractDataFromExcel.dataProviderTest" name="getDataFromArray" time="0.001"/>
  <system-out/>
  <testcase classname="MichaelSeleniumAutomation.ExtractDataFromExcel.dataProviderTest" name="getDataFromArray" time="0.000"/>
  <system-out/>
  <testcase classname="MichaelSeleniumAutomation.ExtractDataFromExcel.dataProviderTest" name="getDataFromArray" time="0.000"/>
  <system-out/>
  <testcase classname="MichaelSeleniumAutomation.ExtractDataFromExcel.dataProviderTest" name="getDataFromArray" time="0.000"/>
  <system-out/>
  <testcase classname="MichaelSeleniumAutomation.ExtractDataFromExcel.dataProviderTest" name="getDataFromArray" time="0.001"/>
  <system-out/>
  <testcase classname="MichaelSeleniumAutomation.ExtractDataFromExcel.dataProviderTest" name="getDataFromArray" time="0.001"/>
  <system-out/>
  <testcase classname="MichaelSeleniumAutomation.ExtractDataFromExcel.dataProviderTest" name="getDataFromArray" time="0.001"/>
  <system-out/>
  <testcase classname="MichaelSeleniumAutomation.ExtractDataFromExcel.dataProviderTest" name="getDataFromArray" time="0.001"/>
  <system-out/>
  <testcase classname="MichaelSeleniumAutomation.ExtractDataFromExcel.dataProviderTest" name="getDataFromArray" time="0.001"/>
  <system-out/>
  <testcase classname="MichaelSeleniumAutomation.ExtractDataFromExcel.dataProviderTest" name="getDataFromArray" time="0.000"/>
  <system-out/>
  <testcase classname="MichaelSeleniumAutomation.ExtractDataFromExcel.dataProviderTest" name="getDataFromArray" time="0.001"/>
  <system-out/>
  <testcase classname="MichaelSeleniumAutomation.ExtractDataFromExcel.dataProviderTest" name="getDataFromArray" time="0.000"/>
  <system-out/>
  <testcase classname="MichaelSeleniumAutomation.ExtractDataFromExcel.dataProviderTest" name="getDataFromArray" time="0.001"/>
  <system-out/>
  <testcase classname="MichaelSeleniumAutomation.ExtractDataFromExcel.dataProviderTest" name="getDataFromArray" time="0.001"/>
  <system-out/>
  <testcase classname="MichaelSeleniumAutomation.ExtractDataFromExcel.dataProviderTest" name="getDataFromArray" time="0.001"/>
  <system-out/>
  <testcase classname="MichaelSeleniumAutomation.ExtractDataFromExcel.dataProviderTest" name="getDataFromArray" time="0.000"/>
  <system-out/>
  <testcase classname="MichaelSeleniumAutomation.ExtractDataFromExcel.dataProviderTest" name="getDataFromArray" time="0.000"/>
  <system-out/>
  <testcase classname="MichaelSeleniumAutomation.ExtractDataFromExcel.dataProviderTest" name="getDataFromArray" time="0.000"/>
  <system-out/>
  <testcase classname="MichaelSeleniumAutomation.ExtractDataFromExcel.dataProviderTest" name="getDataFromArray" time="0.000"/>
  <system-out/>
  <testcase classname="MichaelSeleniumAutomation.ExtractDataFromExcel.dataProviderTest" name="getDataFromArray" time="0.001"/>
  <system-out/>
  <testcase classname="MichaelSeleniumAutomation.ExtractDataFromExcel.dataProviderTest" name="getDataFromArray" time="0.000"/>
  <system-out/>
  <testcase classname="MichaelSeleniumAutomation.ExtractDataFromExcel.dataProviderTest" name="getDataFromArray" time="0.001"/>
  <system-out/>
  <testcase classname="MichaelSeleniumAutomation.ExtractDataFromExcel.dataProviderTest" name="getDataFromArray" time="0.000"/>
  <system-out/>
  <testcase classname="MichaelSeleniumAutomation.ExtractDataFromExcel.dataProviderTest" name="getDataFromArray" time="0.000"/>
  <system-out/>
  <testcase classname="MichaelSeleniumAutomation.ExtractDataFromExcel.dataProviderTest" name="getDataFromArray" time="0.001"/>
  <system-out/>
  <testcase classname="MichaelSeleniumAutomation.ExtractDataFromExcel.dataProviderTest" name="getDataFromArray" time="0.000"/>
  <system-out/>
  <testcase classname="MichaelSeleniumAutomation.ExtractDataFromExcel.dataProviderTest" name="getDataFromArray" time="0.000"/>
  <system-out/>
  <testcase classname="MichaelSeleniumAutomation.ExtractDataFromExcel.dataProviderTest" name="getDataFromArray" time="0.001"/>
  <system-out/>
  <testcase classname="MichaelSeleniumAutomation.ExtractDataFromExcel.dataProviderTest" name="getDataFromArray" time="0.000"/>
  <system-out/>
  <testcase classname="MichaelSeleniumAutomation.ExtractDataFromExcel.dataProviderTest" name="getDataFromArray" time="0.000"/>
  <system-out/>
  <testcase classname="MichaelSeleniumAutomation.ExtractDataFromExcel.dataProviderTest" name="getDataFromArray" time="0.000"/>
  <system-out/>
  <testcase classname="MichaelSeleniumAutomation.ExtractDataFromExcel.dataProviderTest" name="getDataFromArray" time="0.000"/>
  <system-out/>
  <testcase classname="MichaelSeleniumAutomation.ExtractDataFromExcel.dataProviderTest" name="getDataFromArray" time="0.000"/>
  <system-out/>
  <testcase classname="MichaelSeleniumAutomation.ExtractDataFromExcel.dataProviderTest" name="getDataFromArray" time="0.000"/>
  <system-out/>
  <testcase classname="MichaelSeleniumAutomation.ExtractDataFromExcel.dataProviderTest" name="getDataFromArray" time="0.000"/>
  <system-out/>
  <testcase classname="MichaelSeleniumAutomation.ExtractDataFromExcel.dataProviderTest" name="getDataFromArray" time="0.001"/>
  <system-out/>
  <testcase classname="MichaelSeleniumAutomation.ExtractDataFromExcel.dataProviderTest" name="getDataFromArray" time="0.000"/>
  <system-out/>
  <testcase classname="MichaelSeleniumAutomation.ExtractDataFromExcel.dataProviderTest" name="getDataFromArray" time="0.001"/>
  <system-out/>
  <testcase classname="MichaelSeleniumAutomation.ExtractDataFromExcel.dataProviderTest" name="getDataFromArray" time="0.001"/>
  <system-out/>
  <testcase classname="MichaelSeleniumAutomation.ExtractDataFromExcel.dataProviderTest" name="getDataFromArray" time="0.001"/>
  <system-out/>
  <testcase classname="MichaelSeleniumAutomation.ExtractDataFromExcel.dataProviderTest" name="getDataFromArray" time="0.000"/>
  <system-out/>
  <testcase classname="MichaelSeleniumAutomation.ExtractDataFromExcel.dataProviderTest" name="getDataFromArray" time="0.001"/>
  <system-out/>
  <testcase classname="MichaelSeleniumAutomation.ExtractDataFromExcel.dataProviderTest" name="getDataFromArray" time="0.001"/>
  <system-out/>
  <testcase classname="MichaelSeleniumAutomation.ExtractDataFromExcel.dataProviderTest" name="getDataFromArray" time="0.000"/>
  <system-out/>
  <testcase classname="MichaelSeleniumAutomation.ExtractDataFromExcel.dataProviderTest" name="getDataFromArray" time="0.000"/>
  <system-out/>
  <testcase classname="MichaelSeleniumAutomation.ExtractDataFromExcel.dataProviderTest" name="getDataFromArray" time="0.000"/>
  <system-out/>
  <testcase classname="MichaelSeleniumAutomation.ExtractDataFromExcel.dataProviderTest" name="getDataFromArray" time="0.001"/>
  <system-out/>
  <testcase classname="MichaelSeleniumAutomation.ExtractDataFromExcel.dataProviderTest" name="getDataFromArray" time="0.000"/>
  <system-out/>
  <testcase classname="MichaelSeleniumAutomation.ExtractDataFromExcel.dataProviderTest" name="getDataFromArray" time="0.001"/>
  <system-out/>
  <testcase classname="MichaelSeleniumAutomation.ExtractDataFromExcel.dataProviderTest" name="getDataFromArray" time="0.001"/>
  <system-out/>
  <testcase classname="MichaelSeleniumAutomation.ExtractDataFromExcel.dataProviderTest" name="getDataFromArray" time="0.000"/>
  <system-out/>
  <testcase classname="MichaelSeleniumAutomation.ExtractDataFromExcel.dataProviderTest" name="getDataFromArray" time="0.000"/>
  <system-out/>
  <testcase classname="MichaelSeleniumAutomation.ExtractDataFromExcel.dataProviderTest" name="getDataFromArray" time="0.000"/>
  <system-out/>
  <testcase classname="MichaelSeleniumAutomation.ExtractDataFromExcel.dataProviderTest" name="getDataFromArray" time="0.000"/>
  <system-out/>
  <testcase classname="MichaelSeleniumAutomation.ExtractDataFromExcel.dataProviderTest" name="getDataFromArray" time="0.000"/>
  <system-out/>
  <testcase classname="MichaelSeleniumAutomation.ExtractDataFromExcel.dataProviderTest" name="getDataFromArray" time="0.001"/>
  <system-out/>
  <testcase classname="MichaelSeleniumAutomation.ExtractDataFromExcel.dataProviderTest" name="getDataFromArray" time="0.000"/>
  <system-out/>
  <testcase classname="MichaelSeleniumAutomation.ExtractDataFromExcel.dataProviderTest" name="getDataFromArray" time="0.001"/>
  <system-out/>
  <testcase classname="MichaelSeleniumAutomation.ExtractDataFromExcel.dataProviderTest" name="getDataFromArray" time="0.000"/>
  <system-out/>
  <testcase classname="MichaelSeleniumAutomation.ExtractDataFromExcel.dataProviderTest" name="getDataFromArray" time="0.000"/>
  <system-out/>
  <testcase classname="MichaelSeleniumAutomation.ExtractDataFromExcel.dataProviderTest" name="getDataFromArray" time="0.000"/>
  <system-out/>
  <testcase classname="MichaelSeleniumAutomation.ExtractDataFromExcel.dataProviderTest" name="getDataFromArray" time="0.001"/>
  <system-out/>
  <testcase classname="MichaelSeleniumAutomation.ExtractDataFromExcel.dataProviderTest" name="getDataFromArray" time="0.000"/>
  <system-out/>
  <testcase classname="MichaelSeleniumAutomation.ExtractDataFromExcel.dataProviderTest" name="getDataFromArray" time="0.000"/>
  <system-out/>
  <testcase classname="MichaelSeleniumAutomation.ExtractDataFromExcel.dataProviderTest" name="getDataFromArray" time="0.000"/>
  <system-out/>
  <testcase classname="MichaelSeleniumAutomation.ExtractDataFromExcel.dataProviderTest" name="getDataFromArray" time="0.001"/>
  <system-out/>
  <testcase classname="MichaelSeleniumAutomation.ExtractDataFromExcel.dataProviderTest" name="getDataFromArray" time="0.001"/>
  <system-out/>
  <testcase classname="MichaelSeleniumAutomation.ExtractDataFromExcel.dataProviderTest" name="getDataFromArray" time="0.000"/>
  <system-out/>
  <testcase classname="MichaelSeleniumAutomation.ExtractDataFromExcel.dataProviderTest" name="getDataFromArray" time="0.000"/>
  <system-out/>
  <testcase classname="MichaelSeleniumAutomation.ExtractDataFromExcel.dataProviderTest" name="getDataFromArray" time="0.001"/>
  <system-out/>
  <testcase classname="MichaelSeleniumAutomation.ExtractDataFromExcel.dataProviderTest" name="getDataFromArray" time="0.001"/>
  <system-out/>
  <testcase classname="MichaelSeleniumAutomation.ExtractDataFromExcel.dataProviderTest" name="getDataFromArray" time="0.000"/>
  <system-out/>
  <testcase classname="MichaelSeleniumAutomation.ExtractDataFromExcel.dataProviderTest" name="getDataFromArray" time="0.000"/>
  <system-out/>
  <testcase classname="MichaelSeleniumAutomation.ExtractDataFromExcel.dataProviderTest" name="getDataFromArray" time="0.000"/>
  <system-out/>
  <testcase classname="MichaelSeleniumAutomation.ExtractDataFromExcel.dataProviderTest" name="getDataFromArray" time="0.000"/>
  <system-out/>
  <testcase classname="MichaelSeleniumAutomation.ExtractDataFromExcel.dataProviderTest" name="getDataFromArray" time="0.000"/>
  <system-out/>
  <testcase classname="MichaelSeleniumAutomation.ExtractDataFromExcel.dataProviderTest" name="getDataFromArray" time="0.000"/>
  <system-out/>
  <testcase classname="MichaelSeleniumAutomation.ExtractDataFromExcel.dataProviderTest" name="getDataFromArray" time="0.000"/>
  <system-out/>
  <testcase classname="MichaelSeleniumAutomation.ExtractDataFromExcel.dataProviderTest" name="getDataFromArray" time="0.000"/>
  <system-out/>
  <testcase classname="MichaelSeleniumAutomation.ExtractDataFromExcel.dataProviderTest" name="getDataFromArray" time="0.001"/>
  <system-out/>
  <testcase classname="MichaelSeleniumAutomation.ExtractDataFromExcel.dataProviderTest" name="getDataFromArray" time="0.001"/>
  <system-out/>
  <testcase classname="MichaelSeleniumAutomation.ExtractDataFromExcel.dataProviderTest" name="getDataFromArray" time="0.000"/>
  <system-out/>
  <testcase classname="MichaelSeleniumAutomation.ExtractDataFromExcel.dataProviderTest" name="getDataFromArray" time="0.000"/>
  <system-out/>
  <testcase classname="MichaelSeleniumAutomation.ExtractDataFromExcel.dataProviderTest" name="getDataFromArray" time="0.001"/>
  <system-out/>
  <testcase classname="MichaelSeleniumAutomation.ExtractDataFromExcel.dataProviderTest" name="getDataFromArray" time="0.000"/>
  <system-out/>
  <testcase classname="MichaelSeleniumAutomation.ExtractDataFromExcel.dataProviderTest" name="getDataFromArray" time="0.000"/>
  <system-out/>
  <testcase classname="MichaelSeleniumAutomation.ExtractDataFromExcel.dataProviderTest" name="getDataFromArray" time="0.001"/>
  <system-out/>
  <testcase classname="MichaelSeleniumAutomation.ExtractDataFromExcel.dataProviderTest" name="getDataFromArray" time="0.001"/>
  <system-out/>
  <testcase classname="MichaelSeleniumAutomation.ExtractDataFromExcel.dataProviderTest" name="getDataFromArray" time="0.000"/>
  <system-out/>
  <testcase classname="MichaelSeleniumAutomation.ExtractDataFromExcel.dataProviderTest" name="getDataFromArray" time="0.000"/>
  <system-out/>
  <testcase classname="MichaelSeleniumAutomation.ExtractDataFromExcel.dataProviderTest" name="getDataFromArray" time="0.000"/>
  <system-out/>
  <testcase classname="MichaelSeleniumAutomation.ExtractDataFromExcel.dataProviderTest" name="getDataFromArray" time="0.000"/>
  <system-out/>
  <testcase classname="MichaelSeleniumAutomation.ExtractDataFromExcel.dataProviderTest" name="getDataFromArray" time="0.000"/>
  <system-out/>
  <testcase classname="MichaelSeleniumAutomation.ExtractDataFromExcel.dataProviderTest" name="getDataFromArray" time="0.001"/>
  <system-out/>
  <testcase classname="MichaelSeleniumAutomation.ExtractDataFromExcel.dataProviderTest" name="getDataFromArray" time="0.001"/>
  <system-out/>
  <testcase classname="MichaelSeleniumAutomation.ExtractDataFromExcel.dataProviderTest" name="getDataFromArray" time="0.000"/>
  <system-out/>
  <testcase classname="MichaelSeleniumAutomation.ExtractDataFromExcel.dataProviderTest" name="getDataFromArray" time="0.001"/>
  <system-out/>
  <testcase classname="MichaelSeleniumAutomation.ExtractDataFromExcel.dataProviderTest" name="getDataFromArray" time="0.000"/>
  <system-out/>
  <testcase classname="MichaelSeleniumAutomation.ExtractDataFromExcel.dataProviderTest" name="getDataFromArray" time="0.000"/>
  <system-out/>
  <testcase classname="MichaelSeleniumAutomation.ExtractDataFromExcel.dataProviderTest" name="getDataFromArray" time="0.000"/>
  <system-out/>
  <testcase classname="MichaelSeleniumAutomation.ExtractDataFromExcel.dataProviderTest" name="getDataFromArray" time="0.001"/>
  <system-out/>
  <testcase classname="MichaelSeleniumAutomation.ExtractDataFromExcel.dataProviderTest" name="getDataFromArray" time="0.001"/>
  <system-out/>
  <testcase classname="MichaelSeleniumAutomation.ExtractDataFromExcel.dataProviderTest" name="getsData" time="0.000"/>
  <system-out/>
  <testcase classname="MichaelSeleniumAutomation.ExtractDataFromExcel.dataProviderTest" name="getDataFromArray" time="0.000"/>
  <system-out/>
  <testcase classname="MichaelSeleniumAutomation.ExtractDataFromExcel.dataProviderTest" name="getDataFromArray" time="0.000"/>
  <system-out/>
  <testcase classname="MichaelSeleniumAutomation.ExtractDataFromExcel.dataProviderTest" name="getDataFromArray" time="0.001"/>
  <system-out/>
  <testcase classname="MichaelSeleniumAutomation.ExtractDataFromExcel.dataProviderTest" name="getDataFromArray" time="0.001"/>
  <system-out/>
  <testcase classname="MichaelSeleniumAutomation.ExtractDataFromExcel.dataProviderTest" name="getDataFromArray" time="0.000"/>
  <system-out/>
  <testcase classname="MichaelSeleniumAutomation.ExtractDataFromExcel.dataProviderTest" name="getDataFromArray" time="0.000"/>
  <system-out/>
  <testcase classname="MichaelSeleniumAutomation.ExtractDataFromExcel.dataProviderTest" name="getDataFromArray" time="0.000"/>
  <system-out/>
  <testcase classname="MichaelSeleniumAutomation.ExtractDataFromExcel.dataProviderTest" name="getDataFromArray" time="0.000"/>
  <system-out/>
  <testcase classname="MichaelSeleniumAutomation.ExtractDataFromExcel.dataProviderTest" name="getDataFromArray" time="0.000"/>
  <system-out/>
  <testcase classname="MichaelSeleniumAutomation.ExtractDataFromExcel.dataProviderTest" name="getDataFromArray" time="0.000"/>
  <system-out/>
  <testcase classname="MichaelSeleniumAutomation.ExtractDataFromExcel.dataProviderTest" name="getDataFromArray" time="0.004"/>
  <system-out/>
  <testcase classname="MichaelSeleniumAutomation.ExtractDataFromExcel.dataProviderTest" name="getDataFromArray" time="0.001"/>
  <system-out/>
  <testcase classname="MichaelSeleniumAutomation.ExtractDataFromExcel.dataProviderTest" name="getDataFromArray" time="0.001"/>
  <system-out/>
  <testcase classname="MichaelSeleniumAutomation.ExtractDataFromExcel.dataProviderTest" name="getDataFromArray" time="0.000"/>
  <system-out/>
  <testcase classname="MichaelSeleniumAutomation.ExtractDataFromExcel.dataProviderTest" name="getDataFromArray" time="0.000"/>
  <system-out/>
  <testcase classname="MichaelSeleniumAutomation.ExtractDataFromExcel.dataProviderTest" name="getDataFromArray" time="0.000"/>
  <system-out/>
  <testcase classname="MichaelSeleniumAutomation.ExtractDataFromExcel.dataProviderTest" name="getDataFromArray" time="0.000"/>
  <system-out/>
  <testcase classname="MichaelSeleniumAutomation.ExtractDataFromExcel.dataProviderTest" name="getDataFromArray" time="0.000"/>
  <system-out/>
  <testcase classname="MichaelSeleniumAutomation.ExtractDataFromExcel.dataProviderTest" name="getDataFromArray" time="0.000"/>
  <system-out/>
  <testcase classname="MichaelSeleniumAutomation.ExtractDataFromExcel.dataProviderTest" name="getDataFromArray" time="0.000"/>
  <system-out/>
  <testcase classname="MichaelSeleniumAutomation.ExtractDataFromExcel.dataProviderTest" name="getsData" time="0.000"/>
  <system-out/>
  <testcase classname="MichaelSeleniumAutomation.ExtractDataFromExcel.dataProviderTest" name="getDataFromArray" time="0.000"/>
  <system-out/>
  <testcase classname="MichaelSeleniumAutomation.ExtractDataFromExcel.dataProviderTest" name="getDataFromArray" time="0.000"/>
  <system-out/>
  <testcase classname="MichaelSeleniumAutomation.ExtractDataFromExcel.dataProviderTest" name="getDataFromArray" time="0.001"/>
  <system-out/>
  <testcase classname="MichaelSeleniumAutomation.ExtractDataFromExcel.dataProviderTest" name="getDataFromArray" time="0.000"/>
  <system-out/>
  <testcase classname="MichaelSeleniumAutomation.ExtractDataFromExcel.dataProviderTest" name="getDataFromArray" time="0.001"/>
  <system-out/>
  <testcase classname="MichaelSeleniumAutomation.ExtractDataFromExcel.dataProviderTest" name="getDataFromArray" time="0.001"/>
  <system-out/>
  <testcase classname="MichaelSeleniumAutomation.ExtractDataFromExcel.dataProviderTest" name="getDataFromArray" time="0.000"/>
  <system-out/>
  <testcase classname="MichaelSeleniumAutomation.ExtractDataFromExcel.dataProviderTest" name="getDataFromArray" time="0.000"/>
  <system-out/>
  <testcase classname="MichaelSeleniumAutomation.ExtractDataFromExcel.dataProviderTest" name="getDataFromArray" time="0.001"/>
  <system-out/>
  <testcase classname="MichaelSeleniumAutomation.ExtractDataFromExcel.dataProviderTest" name="getDataFromArray" time="0.001"/>
  <system-out/>
  <testcase classname="MichaelSeleniumAutomation.ExtractDataFromExcel.dataProviderTest" name="getDataFromArray" time="0.000"/>
  <system-out/>
  <testcase classname="MichaelSeleniumAutomation.ExtractDataFromExcel.dataProviderTest" name="getDataFromArray" time="0.000"/>
  <system-out/>
  <testcase classname="MichaelSeleniumAutomation.ExtractDataFromExcel.dataProviderTest" name="getDataFromArray" time="0.000"/>
  <system-out/>
  <testcase classname="MichaelSeleniumAutomation.ExtractDataFromExcel.dataProviderTest" name="getDataFromArray" time="0.000"/>
  <system-out/>
  <testcase classname="MichaelSeleniumAutomation.ExtractDataFromExcel.dataProviderTest" name="getDataFromArray" time="0.000"/>
  <system-out/>
  <testcase classname="MichaelSeleniumAutomation.ExtractDataFromExcel.dataProviderTest" name="getDataFromArray" time="0.001"/>
  <system-out/>
  <testcase classname="MichaelSeleniumAutomation.ExtractDataFromExcel.dataProviderTest" name="getDataFromArray" time="0.000"/>
  <system-out/>
  <testcase classname="MichaelSeleniumAutomation.ExtractDataFromExcel.dataProviderTest" name="getDataFromArray" time="0.001"/>
  <system-out/>
  <testcase classname="MichaelSeleniumAutomation.ExtractDataFromExcel.dataProviderTest" name="getDataFromArray" time="0.001"/>
  <system-out/>
  <testcase classname="MichaelSeleniumAutomation.ExtractDataFromExcel.dataProviderTest" name="getDataFromArray" time="0.000"/>
  <system-out/>
  <testcase classname="MichaelSeleniumAutomation.ExtractDataFromExcel.dataProviderTest" name="getDataFromArray" time="0.000"/>
  <system-out/>
  <testcase classname="MichaelSeleniumAutomation.ExtractDataFromExcel.dataProviderTest" name="getDataFromArray" time="0.000"/>
  <system-out/>
  <testcase classname="MichaelSeleniumAutomation.ExtractDataFromExcel.dataProviderTest" name="getDataFromArray" time="0.001"/>
  <system-out/>
  <testcase classname="MichaelSeleniumAutomation.ExtractDataFromExcel.dataProviderTest" name="getDataFromArray" time="0.001"/>
  <system-out/>
  <testcase classname="MichaelSeleniumAutomation.ExtractDataFromExcel.dataProviderTest" name="getDataFromArray" time="0.000"/>
  <system-out/>
  <testcase classname="MichaelSeleniumAutomation.ExtractDataFromExcel.dataProviderTest" name="getDataFromArray" time="0.001"/>
  <system-out/>
  <testcase classname="MichaelSeleniumAutomation.ExtractDataFromExcel.dataProviderTest" name="getDataFromArray" time="0.001"/>
  <system-out/>
  <testcase classname="MichaelSeleniumAutomation.ExtractDataFromExcel.dataProviderTest" name="getDataFromArray" time="0.001"/>
  <system-out/>
  <testcase classname="MichaelSeleniumAutomation.ExtractDataFromExcel.dataProviderTest" name="getDataFromArray" time="0.001"/>
  <system-out/>
  <testcase classname="MichaelSeleniumAutomation.ExtractDataFromExcel.dataProviderTest" name="getDataFromArray" time="0.000"/>
  <system-out/>
  <testcase classname="MichaelSeleniumAutomation.ExtractDataFromExcel.dataProviderTest" name="getDataFromArray" time="0.001"/>
  <system-out/>
  <testcase classname="MichaelSeleniumAutomation.ExtractDataFromExcel.dataProviderTest" name="getDataFromArray" time="0.001"/>
  <system-out/>
  <testcase classname="MichaelSeleniumAutomation.ExtractDataFromExcel.dataProviderTest" name="getDataFromArray" time="0.000"/>
  <system-out/>
  <testcase classname="MichaelSeleniumAutomation.ExtractDataFromExcel.dataProviderTest" name="getDataFromArray" time="0.000"/>
  <system-out/>
  <testcase classname="MichaelSeleniumAutomation.ExtractDataFromExcel.dataProviderTest" name="getDataFromArray" time="0.000"/>
  <system-out/>
  <testcase classname="MichaelSeleniumAutomation.ExtractDataFromExcel.dataProviderTest" name="getDataFromArray" time="0.000"/>
  <system-out/>
  <testcase classname="MichaelSeleniumAutomation.ExtractDataFromExcel.dataProviderTest" name="getDataFromArray" time="0.000"/>
  <system-out/>
  <testcase classname="MichaelSeleniumAutomation.ExtractDataFromExcel.dataProviderTest" name="getDataFromArray" time="0.000"/>
  <system-out/>
  <testcase classname="MichaelSeleniumAutomation.ExtractDataFromExcel.dataProviderTest" name="getDataFromArray" time="0.000"/>
  <system-out/>
  <testcase classname="MichaelSeleniumAutomation.ExtractDataFromExcel.dataProviderTest" name="getDataFromArray" time="0.000"/>
  <system-out/>
  <testcase classname="MichaelSeleniumAutomation.ExtractDataFromExcel.dataProviderTest" name="getDataFromArray" time="0.001"/>
  <system-out/>
  <testcase classname="MichaelSeleniumAutomation.ExtractDataFromExcel.dataProviderTest" name="getDataFromArray" time="0.000"/>
  <system-out/>
  <testcase classname="MichaelSeleniumAutomation.ExtractDataFromExcel.dataProviderTest" name="getDataFromArray" time="0.001"/>
  <system-out/>
  <testcase classname="MichaelSeleniumAutomation.ExtractDataFromExcel.dataProviderTest" name="getDataFromArray" time="0.000"/>
  <system-out/>
  <testcase classname="MichaelSeleniumAutomation.ExtractDataFromExcel.dataProviderTest" name="getDataFromArray" time="0.002"/>
  <system-out/>
  <testcase classname="MichaelSeleniumAutomation.ExtractDataFromExcel.dataProviderTest" name="getDataFromArray" time="0.000"/>
  <system-out/>
  <testcase classname="MichaelSeleniumAutomation.ExtractDataFromExcel.dataProviderTest" name="getDataFromArray" time="0.000"/>
  <system-out/>
  <testcase classname="MichaelSeleniumAutomation.ExtractDataFromExcel.dataProviderTest" name="getDataFromArray" time="0.000"/>
  <system-out/>
  <testcase classname="MichaelSeleniumAutomation.ExtractDataFromExcel.dataProviderTest" name="getDataFromArray" time="0.001"/>
  <system-out/>
  <testcase classname="MichaelSeleniumAutomation.ExtractDataFromExcel.dataProviderTest" name="getDataFromArray" time="0.000"/>
  <system-out/>
  <testcase classname="MichaelSeleniumAutomation.ExtractDataFromExcel.dataProviderTest" name="getDataFromArray" time="0.001"/>
  <system-out/>
  <testcase classname="MichaelSeleniumAutomation.ExtractDataFromExcel.dataProviderTest" name="getDataFromArray" time="0.000"/>
  <system-out/>
  <testcase classname="MichaelSeleniumAutomation.ExtractDataFromExcel.dataProviderTest" name="getDataFromArray" time="0.000"/>
  <system-out/>
  <testcase classname="MichaelSeleniumAutomation.ExtractDataFromExcel.dataProviderTest" name="getDataFromArray" time="0.001"/>
  <system-out/>
  <testcase classname="MichaelSeleniumAutomation.ExtractDataFromExcel.dataProviderTest" name="getDataFromArray" time="0.000"/>
  <system-out/>
  <testcase classname="MichaelSeleniumAutomation.ExtractDataFromExcel.dataProviderTest" name="getDataFromArray" time="0.001"/>
  <system-out/>
  <testcase classname="MichaelSeleniumAutomation.ExtractDataFromExcel.dataProviderTest" name="getDataFromArray" time="0.001"/>
  <system-out/>
  <testcase classname="MichaelSeleniumAutomation.ExtractDataFromExcel.dataProviderTest" name="getDataFromArray" time="0.000"/>
  <system-out/>
  <testcase classname="MichaelSeleniumAutomation.ExtractDataFromExcel.dataProviderTest" name="getDataFromArray" time="0.000"/>
  <system-out/>
  <testcase classname="MichaelSeleniumAutomation.ExtractDataFromExcel.dataProviderTest" name="getDataFromArray" time="0.001"/>
  <system-out/>
  <testcase classname="MichaelSeleniumAutomation.ExtractDataFromExcel.dataProviderTest" name="getDataFromArray" time="0.000"/>
  <system-out/>
  <testcase classname="MichaelSeleniumAutomation.ExtractDataFromExcel.dataProviderTest" name="getDataFromArray" time="0.001"/>
  <system-out/>
  <testcase classname="MichaelSeleniumAutomation.ExtractDataFromExcel.dataProviderTest" name="getDataFromArray" time="0.000"/>
  <system-out/>
  <testcase classname="MichaelSeleniumAutomation.ExtractDataFromExcel.dataProviderTest" name="getDataFromArray" time="0.000"/>
  <system-out/>
  <testcase classname="MichaelSeleniumAutomation.ExtractDataFromExcel.dataProviderTest" name="getDataFromArray" time="0.001"/>
  <system-out/>
  <testcase classname="MichaelSeleniumAutomation.ExtractDataFromExcel.dataProviderTest" name="getDataFromArray" time="0.001"/>
  <system-out/>
  <testcase classname="MichaelSeleniumAutomation.ExtractDataFromExcel.dataProviderTest" name="getDataFromArray" time="0.000"/>
  <system-out/>
  <testcase classname="MichaelSeleniumAutomation.ExtractDataFromExcel.dataProviderTest" name="getDataFromArray" time="0.000"/>
  <system-out/>
  <testcase classname="MichaelSeleniumAutomation.ExtractDataFromExcel.dataProviderTest" name="getDataFromArray" time="0.000"/>
  <system-out/>
  <testcase classname="MichaelSeleniumAutomation.ExtractDataFromExcel.dataProviderTest" name="getDataFromArray" time="0.000"/>
  <system-out/>
  <testcase classname="MichaelSeleniumAutomation.ExtractDataFromExcel.dataProviderTest" name="getDataFromArray" time="0.000"/>
  <system-out/>
  <testcase classname="MichaelSeleniumAutomation.ExtractDataFromExcel.dataProviderTest" name="getDataFromArray" time="0.001"/>
  <system-out/>
</testsuite> <!-- MichaelSeleniumAutomation.ExtractDataFromExcel.dataProviderTest -->
