<?xml version="1.0" encoding="UTF-8"?>
<!-- Generated by org.testng.reporters.JUnitReportReporter -->
<testsuite hostname="Michaels-MacBook-Pro.local" failures="0" tests="1" name="MichaelSeleniumAutomation.ExtractDataFromExcel.UploadAndDownloadFile" time="9.059" errors="0" timestamp="2024-12-08T00:24:37 SAST" skipped="0">
  <testcase classname="MichaelSeleniumAutomation.ExtractDataFromExcel.UploadAndDownloadFile" name="downLoadAndUpload" time="9.059"/>
  <system-out/>
</testsuite> <!-- MichaelSeleniumAutomation.ExtractDataFromExcel.UploadAndDownloadFile -->
